[22/04/2009 20:07:36] /i
[22/04/2009 20:07:43] /town aracura
[22/04/2009 20:09:48] /a 1
[22/04/2009 20:09:54] /n aracura.acessories
[22/04/2009 20:10:03] /n aracura.acessorios
[22/04/2009 20:10:05] /a 2
[22/04/2009 20:11:16] /a 1
[22/04/2009 20:11:19] /n aracura.postman
[22/04/2009 20:11:20] /a 2
[22/04/2009 20:13:16] /a 2
[22/04/2009 20:13:19] /n aracura.runes
[22/04/2009 20:13:23] /n aracura.rune
[22/04/2009 20:13:28] /n aracura.magicshop
[22/04/2009 20:13:52] /a 2
[22/04/2009 20:14:03] /a 20
[22/04/2009 20:14:04] /a 20
[22/04/2009 20:14:05] /a 20
[22/04/2009 20:14:06] /a 20
[22/04/2009 20:14:07] /a 20
[22/04/2009 20:14:08] /a 20
[22/04/2009 20:14:09] /a 20
[22/04/2009 20:14:09] /a 20
[22/04/2009 20:14:10] /a 20
[22/04/2009 20:14:10] /a 20
[22/04/2009 20:14:13] /a 6
[22/04/2009 20:15:44] /a 23
[22/04/2009 20:15:46] /a 23
[22/04/2009 20:16:14] /a 5
[22/04/2009 20:16:29] /a 5
[22/04/2009 20:16:30] /a 5
[22/04/2009 20:16:31] /a 5
[22/04/2009 20:16:31] /a 5
[22/04/2009 20:16:31] /a 5
[22/04/2009 20:16:32] /a 5
[22/04/2009 20:16:32] /a 5
[22/04/2009 20:16:32] /a 5
[22/04/2009 20:16:33] /a 5
[22/04/2009 20:16:33] /a 5
[22/04/2009 20:16:34] /a 5
[22/04/2009 20:16:34] /a 5
[22/04/2009 20:16:34] /a 5
[22/04/2009 20:16:35] /a 5
[22/04/2009 20:16:36] /a 5
[22/04/2009 20:16:36] /a 5
[22/04/2009 20:16:37] /a 5
[22/04/2009 20:16:37] /a 5
[22/04/2009 20:16:38] /a 5
[22/04/2009 20:16:39] /a 5
[22/04/2009 20:16:39] /a 5
[22/04/2009 20:16:40] /a 5
[22/04/2009 20:16:40] /a 5
[22/04/2009 20:17:08] /a 5
[22/04/2009 20:17:08] /a 5
[22/04/2009 20:17:09] /a 5
[22/04/2009 20:17:09] /a 5
[22/04/2009 20:17:10] /a 5
[22/04/2009 20:17:10] /a 5
[22/04/2009 20:17:11] /a 5
[22/04/2009 20:17:11] /a 5
[22/04/2009 20:17:12] /a 5
[22/04/2009 20:17:12] /a 5
[22/04/2009 20:17:12] /a 5
[22/04/2009 20:17:13] /a 5
[22/04/2009 20:17:13] /a 5
[22/04/2009 20:17:14] /a 5
[22/04/2009 20:17:14] /a 5
[22/04/2009 20:17:15] /a 5
[22/04/2009 20:17:15] /a 5
[22/04/2009 20:18:34] /a 5
[22/04/2009 20:18:34] /a 5
[22/04/2009 20:18:35] /a 5
[22/04/2009 20:18:35] /a 5
[22/04/2009 20:18:36] /a 5
[22/04/2009 20:18:36] /a 5
[22/04/2009 20:18:37] /a 5
[22/04/2009 20:18:37] /a 5
[22/04/2009 20:18:38] /a 5
[22/04/2009 20:18:38] /a 5
[22/04/2009 20:18:39] /a 5
[22/04/2009 20:18:40] /a 5
[22/04/2009 20:18:41] /up
[22/04/2009 20:18:41] /up
[22/04/2009 20:18:43] /a 5
[22/04/2009 20:18:43] /a 5
[22/04/2009 20:18:44] /a 5
[22/04/2009 20:18:44] /a 5
[22/04/2009 20:18:45] /a 5
[22/04/2009 20:18:45] /a 5
[22/04/2009 20:18:45] /a 5
[22/04/2009 20:19:02] /a 5
[22/04/2009 20:19:02] /a 5
[22/04/2009 20:19:03] /a 5
[22/04/2009 20:19:03] /a 5
[22/04/2009 20:19:04] /a 5
[22/04/2009 20:19:05] /a 5
[22/04/2009 20:19:05] /a 5
[22/04/2009 20:19:06] /a 5
[22/04/2009 20:19:06] /a 5
[22/04/2009 20:19:07] /a 5
[22/04/2009 20:19:08] /a 5
[22/04/2009 20:19:09] /a 5
[22/04/2009 20:19:09] /a 5
[22/04/2009 20:19:11] /a 5
[22/04/2009 20:19:11] /a 5
[22/04/2009 20:19:12] /a 5
[22/04/2009 20:19:13] /a 5
[22/04/2009 20:19:13] /a 5
[22/04/2009 20:19:14] /a 5
[22/04/2009 20:19:14] /a 5
[22/04/2009 20:19:22] /a 2
[22/04/2009 20:19:25] /up 
[22/04/2009 20:20:08] /a 1
[22/04/2009 20:20:09] /down
[22/04/2009 20:20:11] /a 2
[22/04/2009 20:20:20] /a 2
[22/04/2009 20:20:25] /down
[22/04/2009 20:20:25] /a 2
[22/04/2009 20:20:29] /down
[22/04/2009 20:20:30] /a 2
[22/04/2009 20:21:25] /down
[22/04/2009 20:21:26] /down
[22/04/2009 20:21:26] /down
[22/04/2009 20:21:28] /a 10
[22/04/2009 20:21:28] /down
[22/04/2009 20:21:30] /a 10
[22/04/2009 20:21:30] /a 10
[22/04/2009 20:21:30] /a 10
[22/04/2009 20:21:31] /a 10
[22/04/2009 20:21:31] /a 10
[22/04/2009 20:21:32] /a 10
[22/04/2009 20:21:32] /a 10
[22/04/2009 20:21:32] /a 10
[22/04/2009 20:21:33] /a 10
[22/04/2009 20:21:33] /a 10
[22/04/2009 20:21:33] /a 10
[22/04/2009 20:21:34] /a 10
[22/04/2009 20:21:34] /a 10
[22/04/2009 20:21:34] /a 10
[22/04/2009 20:21:35] /a 10
[22/04/2009 20:21:35] /a 10
[22/04/2009 20:21:35] /a 10
[22/04/2009 20:21:36] /a 10
[22/04/2009 20:21:36] /a 10
[22/04/2009 20:21:37] /a 10
[22/04/2009 20:21:38] /a 10
[22/04/2009 20:21:39] /a 10
[22/04/2009 20:21:40] /a 10
[22/04/2009 20:21:40] /a 10
[22/04/2009 20:21:41] /a 10
[22/04/2009 20:21:41] /a 10
[22/04/2009 20:21:43] /a 10
[22/04/2009 20:21:44] /a 10
[22/04/2009 20:21:44] /a 10
[22/04/2009 20:21:45] /a 10
[22/04/2009 20:21:45] /a 10
[22/04/2009 20:21:47] /a 10
[22/04/2009 20:21:47] /a 10
[22/04/2009 20:21:48] /a 10
[22/04/2009 20:21:48] /a 10
[22/04/2009 20:21:49] /a 10
[22/04/2009 20:21:50] /a 10
[22/04/2009 20:21:51] /a 10
[22/04/2009 20:21:51] /a 10
[22/04/2009 20:21:52] /a 10
[22/04/2009 20:21:53] /a 10
[22/04/2009 20:21:53] /a 10
[22/04/2009 20:23:08] /down
[22/04/2009 20:23:09] /a 2
[22/04/2009 20:23:10] /a 2
[22/04/2009 20:23:12] /a 10
[22/04/2009 20:23:12] /a 10
[22/04/2009 20:23:13] /a 10
[22/04/2009 20:23:14] /a 10
[22/04/2009 20:23:18] /a 10
[22/04/2009 20:23:18] /a 10
[22/04/2009 20:23:19] /a 10
[22/04/2009 20:23:19] /a 10
[22/04/2009 20:23:20] /a 10
[22/04/2009 20:23:21] /a 10
[22/04/2009 20:23:22] /a 10
[22/04/2009 20:23:22] /a 10
[22/04/2009 20:23:22] /a 10
[22/04/2009 20:23:23] /a 10
[22/04/2009 20:23:23] /a 10
[22/04/2009 20:23:24] /a 10
[22/04/2009 20:23:25] /a 10
[22/04/2009 20:23:25] /a 10
[22/04/2009 20:23:26] /a 10
[22/04/2009 20:23:26] /a 10
[22/04/2009 20:23:27] /a 10
[22/04/2009 20:23:28] /a 10
[22/04/2009 20:23:29] /a 10
[22/04/2009 20:23:30] /a 10
[22/04/2009 20:23:30] /a 10
[22/04/2009 20:23:31] /a 10
[22/04/2009 20:23:31] /a 10
[22/04/2009 20:23:32] /a 10
[22/04/2009 20:23:33] /a 10
[22/04/2009 20:23:33] /a 10
[22/04/2009 20:23:34] /a 10
[22/04/2009 20:23:35] /a 10
[22/04/2009 20:23:35] /a 10
[22/04/2009 20:23:36] /a 10
[22/04/2009 20:23:37] /a 10
[22/04/2009 20:23:39] /a 10
[22/04/2009 20:23:39] /a 10
[22/04/2009 20:23:40] /a 10
[22/04/2009 20:23:41] /a 10
[22/04/2009 20:23:41] /a 10
[22/04/2009 20:23:42] /a 10
[22/04/2009 20:23:43] /a 10
[22/04/2009 20:23:44] /a 10
[22/04/2009 20:23:44] /a 10
[22/04/2009 20:23:54] /a 10
[25/04/2009 01:01:43] /i 10017, 1
[25/04/2009 01:01:44] /r
[25/04/2009 01:01:52] /i 20001, 1
[25/04/2009 01:02:11] /town aracura
[25/04/2009 01:03:48] /i 2160, 100
[25/04/2009 01:03:50] /a 1
[25/04/2009 01:03:51] /a 19
[25/04/2009 01:03:52] /a 19
[25/04/2009 01:03:52] /a 19
[25/04/2009 01:03:57] /up
[25/04/2009 01:05:46] /town aracura
[25/04/2009 01:05:51] /up
[25/04/2009 01:05:52] /a 20
[25/04/2009 01:05:52] /a 20
[25/04/2009 01:05:53] /a 20
[25/04/2009 01:05:53] /a 20
[25/04/2009 01:05:54] /a 20
[25/04/2009 01:05:54] /a 20
[25/04/2009 01:05:54] /a 20
[25/04/2009 01:05:56] /a 20
[25/04/2009 01:05:57] /a 6
[25/04/2009 01:05:59] /up
[25/04/2009 01:11:31] /town aracura
[25/04/2009 01:11:32] /up
[25/04/2009 01:13:30] /a 20
[25/04/2009 01:13:31] /a 20
[25/04/2009 01:13:32] /a 20
[25/04/2009 01:13:43] /a 20
[25/04/2009 01:13:43] /a 20
[25/04/2009 16:00:24] /a 5
[25/04/2009 16:00:26] /a 50
[25/04/2009 16:00:27] /a 50
[25/04/2009 16:00:28] /a 50
[25/04/2009 16:00:29] /a 50
[25/04/2009 16:00:30] /a 50
[25/04/2009 16:00:31] /a 50
[25/04/2009 16:00:32] /down
[25/04/2009 16:00:35] /a 6
[25/04/2009 16:00:36] /a 6
[25/04/2009 16:00:37] /a 6
[25/04/2009 16:00:38] /a 6
[25/04/2009 16:00:39] /a 6
[25/04/2009 16:00:40] /a 6
[25/04/2009 16:00:40] /a 6
[25/04/2009 16:00:42] /a 5
[25/04/2009 16:00:45] /a 3
[25/04/2009 16:00:55] /a 2
[25/04/2009 16:01:00] /a 2
[25/04/2009 16:01:16] /i 1304 , 1
[25/04/2009 16:01:55] /i 1304 , 1
[25/04/2009 16:02:02] /r
[25/04/2009 16:02:06] /a 2
[25/04/2009 16:02:07] /a 2
[25/04/2009 16:02:07] /a 2
[25/04/2009 16:02:30] /up
[25/04/2009 16:02:37] /up
[25/04/2009 16:02:47] /a 8
[25/04/2009 16:02:59] /a 2
[25/04/2009 16:03:07] /a 2
[25/04/2009 16:03:11] /a 2
[25/04/2009 16:03:13] /a 
[25/04/2009 16:03:14] /a 5
[25/04/2009 16:03:15] /a 5
[25/04/2009 16:03:15] /a 5
[25/04/2009 16:03:16] /a 5
[25/04/2009 16:03:16] /a 5
[25/04/2009 16:03:17] /a 5
[25/04/2009 16:03:18] /a 5
[25/04/2009 16:03:19] /up
[25/04/2009 16:03:20] /a 5
[25/04/2009 16:03:21] /a 5
[25/04/2009 16:03:22] /a 5
[25/04/2009 16:03:23] /a 5
[25/04/2009 16:03:24] /a 5
[25/04/2009 16:03:26] /a 5
[25/04/2009 16:03:31] /up
[25/04/2009 16:15:02] /a 10
[25/04/2009 16:25:31] /down
[25/04/2009 16:25:32] /a 10
[25/04/2009 16:25:33] /a 10
[25/04/2009 16:25:33] /a 10
[25/04/2009 16:25:34] /a 10
[25/04/2009 16:25:35] /up
[25/04/2009 16:25:36] /a 10
[25/04/2009 16:25:37] /a 10
[25/04/2009 16:25:38] /a 10
[25/04/2009 16:25:39] /a 2
[25/04/2009 16:44:06] /r
[25/04/2009 16:45:25] /r
[25/04/2009 16:45:27] /r
[25/04/2009 16:45:27] /r
[25/04/2009 16:45:28] /r
[25/04/2009 16:45:29] /r
[25/04/2009 16:45:29] /r
[25/04/2009 16:45:30] /r
[25/04/2009 17:03:03] /a 5
[25/04/2009 17:03:04] /a 5
[25/04/2009 17:03:04] /a 5
[25/04/2009 17:03:04] /a 5
[25/04/2009 17:03:05] /a 5
[25/04/2009 17:03:05] /a 5
[25/04/2009 17:03:05] /a 5
[25/04/2009 17:03:06] /a 5
[25/04/2009 17:03:07] /a 5
[25/04/2009 17:03:07] /a 5
[25/04/2009 17:03:07] /a 5
[25/04/2009 17:03:09] /a 5
[25/04/2009 17:03:09] /a 5
[25/04/2009 17:03:10] /a 5
[25/04/2009 17:03:13] /up
[25/04/2009 17:03:13] /up
[25/04/2009 17:04:11] /town thorn
[25/04/2009 17:04:14] /a 40
[25/04/2009 17:04:15] /a 40
[25/04/2009 17:04:16] /a 40
[25/04/2009 17:04:17] /a 40
[25/04/2009 17:04:17] /a 40
[25/04/2009 17:04:18] /a 40
[25/04/2009 17:04:19] /a 20
[25/04/2009 17:04:20] /down
[25/04/2009 17:04:23] /a 5
[25/04/2009 17:04:24] /a 5
[25/04/2009 17:04:24] /a 5
[25/04/2009 17:04:25] /a 5
[25/04/2009 17:04:25] /a 5
[25/04/2009 17:04:26] /a 5
[25/04/2009 17:04:26] /a 5
[25/04/2009 17:04:27] /a 5
[25/04/2009 17:04:28] /a 5
[25/04/2009 17:04:28] /a 5
[25/04/2009 17:04:32] /a 5
[25/04/2009 17:04:34] /a 5
[25/04/2009 17:04:35] /a 5
[25/04/2009 17:04:35] /a 5
[25/04/2009 17:04:36] /down
[25/04/2009 17:04:37] /a 5
[25/04/2009 17:04:39] /down
[25/04/2009 17:04:40] /up
[25/04/2009 17:04:43] /a 20
[25/04/2009 17:11:40] /i 416m 1
[25/04/2009 17:11:43] /i 416, 1
[25/04/2009 17:12:00] /t
[25/04/2009 17:12:15] /i 426, 1
[25/04/2009 17:12:45] /r
[25/04/2009 17:40:32] /a 50
[25/04/2009 17:40:33] /a 50
[25/04/2009 17:40:33] /a 50
[25/04/2009 17:40:34] /a 50
[25/04/2009 17:40:34] /a 50
[25/04/2009 17:40:35] /a 50
[25/04/2009 17:40:36] /down
[25/04/2009 17:40:37] /a 5
[25/04/2009 17:40:37] /a 5
[25/04/2009 17:40:38] /a 5
[25/04/2009 17:40:38] /a 5
[25/04/2009 17:40:39] /a 5
[25/04/2009 17:40:48] /a 2
[25/04/2009 17:40:50] /a 2
[25/04/2009 17:40:56] /a 2
[25/04/2009 17:41:03] /up
[25/04/2009 17:41:06] /a 9
[25/04/2009 17:41:21] /a 9
[25/04/2009 17:41:23] /down
[25/04/2009 17:41:24] /a 9
[25/04/2009 17:41:24] /a 9
[25/04/2009 17:41:25] /a 9
[25/04/2009 17:41:31] /a 9
[25/04/2009 17:41:31] /a 9
[25/04/2009 17:41:34] /up
[25/04/2009 17:41:36] /up
[25/04/2009 17:41:37] /a 9
[25/04/2009 17:41:38] /a 9
[25/04/2009 17:41:40] /up
[25/04/2009 17:41:52] /i 416, 1
[25/04/2009 17:45:01] /town thorn
[25/04/2009 17:45:03] /a 100
[25/04/2009 17:45:04] /a 100
[25/04/2009 17:45:05] /a 20
[25/04/2009 17:45:06] /a 20
[25/04/2009 17:45:09] /down
[25/04/2009 17:45:10] /a 5
[25/04/2009 17:45:11] /a 5
[25/04/2009 17:45:11] /a 5
[25/04/2009 17:45:12] /a 5
[25/04/2009 17:45:12] /down
[25/04/2009 17:45:13] /down
[25/04/2009 17:45:15] /a 5
[25/04/2009 17:45:17] /a 20
[25/04/2009 17:45:18] /a 20
[25/04/2009 17:45:20] /a 20
[25/04/2009 17:45:21] /a 20
[25/04/2009 17:45:21] /a 20
[25/04/2009 17:45:22] /a 20
[25/04/2009 17:45:24] /a 2
[25/04/2009 17:45:25] /a 2
[25/04/2009 17:45:26] /a 2
[27/04/2009 13:17:14] /t
[27/04/2009 13:17:20] /a 50
[27/04/2009 13:17:21] /a 50
[27/04/2009 13:17:21] /a 50
[27/04/2009 13:17:22] /a 50
[27/04/2009 13:17:22] /a 50
[27/04/2009 13:17:23] /a 50
[27/04/2009 13:17:25] /a 10
[27/04/2009 13:17:26] /down
[27/04/2009 13:17:27] /a 10
[27/04/2009 13:17:28] /a 10
[27/04/2009 13:17:30] /a 5
[27/04/2009 13:17:31] /a 5
[27/04/2009 13:17:31] /a 5
[27/04/2009 13:17:43] /a 2
[27/04/2009 13:17:45] /a 2
[27/04/2009 13:18:06] /up
[27/04/2009 13:18:09] /a 
[27/04/2009 13:18:11] /a 
[27/04/2009 13:18:11] /a 
[27/04/2009 13:18:11] /a 
[27/04/2009 13:18:12] /a 
[27/04/2009 13:18:12] /a 
[27/04/2009 13:18:12] /a 
[27/04/2009 13:18:13] /a 
[27/04/2009 13:18:16] /a 2
[27/04/2009 13:18:25] /up
[27/04/2009 13:18:26] /up
[27/04/2009 13:23:01] /up
[27/04/2009 13:23:03] /a 20
[27/04/2009 13:23:04] /a 6
[27/04/2009 13:23:05] /a 6
[27/04/2009 13:23:07] /a 6
[27/04/2009 13:23:08] /a 2
[27/04/2009 13:23:11] /a 6
[27/04/2009 13:23:11] /a 6
[27/04/2009 13:26:42] /a 6
[27/04/2009 13:26:42] /a 6
[27/04/2009 13:26:56] /r
[27/04/2009 13:27:02] /i 1304, 1
[27/04/2009 13:27:05] /reload actions
[27/04/2009 13:27:07] /a 6
[27/04/2009 13:27:08] /a 6
[27/04/2009 13:27:27] /a 6
[27/04/2009 13:27:27] /a 6
[27/04/2009 13:27:29] /up
[27/04/2009 13:27:32] /a 3
[27/04/2009 13:28:00] /a 2
[27/04/2009 13:37:09] /down
[27/04/2009 13:40:06] /up
[27/04/2009 13:40:10] /up
[27/04/2009 13:40:12] /a 
[27/04/2009 13:40:13] /a 
[27/04/2009 13:48:24] /t
[27/04/2009 13:54:26] /reload talk
[28/04/2009 13:28:37] /a 50
[28/04/2009 13:28:38] /a 50
[28/04/2009 13:28:39] /a 50
[28/04/2009 13:28:39] /a 50
[28/04/2009 13:28:40] /a 50
[28/04/2009 13:28:41] /a 50
[28/04/2009 13:28:42] /down
[28/04/2009 13:28:44] /a 
[28/04/2009 13:28:46] /a 5
[28/04/2009 13:28:48] /a 5
[28/04/2009 13:28:48] /a 5
[28/04/2009 13:28:50] /a 5
[28/04/2009 13:28:50] /a 5
[28/04/2009 13:28:51] /a 5
[28/04/2009 13:28:52] /a 5
[28/04/2009 13:28:53] /a 5
[28/04/2009 13:28:55] /a 2
[28/04/2009 13:28:56] /a 2
[28/04/2009 13:28:56] /a 2
[28/04/2009 13:28:57] /a 2
[28/04/2009 13:55:39] /i holy tible, 1
[28/04/2009 13:55:43] /i 1970, 1
[28/04/2009 14:00:23] /a 2
[28/04/2009 14:03:00] /r
[28/04/2009 14:03:01] /r
[28/04/2009 14:03:03] /r
[28/04/2009 14:06:09] /r
[28/04/2009 14:06:16] /a 1
[28/04/2009 14:06:18] /a 2
[28/04/2009 14:06:23] /r
[28/04/2009 14:06:24] /r
[28/04/2009 14:06:29] /a 2
[28/04/2009 14:08:23] /r
[28/04/2009 14:09:28] /i 1304, 1
[28/04/2009 14:18:26] /m rat
[28/04/2009 14:18:27] /m rat
[28/04/2009 14:18:28] /r
[28/04/2009 14:18:49] /r
[28/04/2009 14:20:00] /reload actions
[28/04/2009 14:20:04] /reload actions
[28/04/2009 14:20:13] /reload actions
[28/04/2009 14:20:21] /reload actions
[28/04/2009 14:22:02] /reload actions
[28/04/2009 14:22:06] /reload actions
[28/04/2009 14:23:35] /reload actions
[28/04/2009 14:23:44] /reload actions
[28/04/2009 14:23:54] /up
[28/04/2009 14:24:19] /a 10
[28/04/2009 14:24:26] /up
[28/04/2009 14:24:30] /up
[28/04/2009 14:24:31] /a 40
[28/04/2009 14:24:32] /a 5
[28/04/2009 14:24:33] /a 5
[28/04/2009 14:24:34] /a 5
[28/04/2009 14:24:34] /a 5
[28/04/2009 14:24:35] /a 5
[28/04/2009 14:24:36] /a 5
[28/04/2009 14:24:37] /a 5
[28/04/2009 14:24:42] /a 5
[28/04/2009 14:24:42] /a 5
[28/04/2009 14:24:42] /a 5
[28/04/2009 14:24:43] /a 5
[28/04/2009 17:17:30] /t
[28/04/2009 17:17:33] /town aracura
[28/04/2009 17:17:35] /up
[28/04/2009 17:19:59] /n alice
[28/04/2009 17:20:25] /n alice
[28/04/2009 17:20:39] /addskill Bara, level
[28/04/2009 17:20:40] /addskill Bara, level
[28/04/2009 17:20:40] /addskill Bara, level
[28/04/2009 17:20:41] /addskill Bara, level
[28/04/2009 17:20:41] /addskill Bara, level
[28/04/2009 17:20:41] /addskill Bara, level
[28/04/2009 17:20:42] /addskill Bara, level
[28/04/2009 17:20:42] /addskill Bara, level
[28/04/2009 17:20:43] /addskill Bara, level
[28/04/2009 17:20:50] /r
[28/04/2009 17:20:54] /n alice
[28/04/2009 17:20:58] /r
[28/04/2009 17:21:20] /n alice
[28/04/2009 17:21:30] /r
[28/04/2009 17:33:16] /n alice
[28/04/2009 17:34:15] /n alice
[28/04/2009 17:34:21] /r
[28/04/2009 17:34:23] /r
[28/04/2009 17:38:29] /info
[28/04/2009 17:38:31] /info Bara
[28/04/2009 17:40:03] /n alice
[28/04/2009 17:40:12] /r
[28/04/2009 17:42:04] /n alice
[28/04/2009 17:42:49] /r
[28/04/2009 17:42:51] /n alice
[28/04/2009 17:43:27] /r
[28/04/2009 17:43:29] /n alice
[28/04/2009 17:43:48] /r
[28/04/2009 17:43:50] /n alice
[28/04/2009 17:44:34] /r
[28/04/2009 17:44:36] /n alice
[28/04/2009 17:44:57] /r
[28/04/2009 17:44:59] /n alice
[28/04/2009 17:45:08] /r
[28/04/2009 17:45:52] /n alice
[28/04/2009 17:46:18] /r
[28/04/2009 17:46:19] /n alice
[28/04/2009 17:48:40] /r
[28/04/2009 17:48:43] /n alice
[28/04/2009 17:48:50] /r
[28/04/2009 17:49:22] /n alice
[28/04/2009 17:49:42] /r
[28/04/2009 17:49:43] /n alice
[28/04/2009 17:49:55] /r
[28/04/2009 17:50:02] /addskill Bara, level
[28/04/2009 17:50:02] /addskill Bara, level
[28/04/2009 17:50:02] /addskill Bara, level
[28/04/2009 17:50:02] /addskill Bara, level
[28/04/2009 17:50:02] /addskill Bara, level
[28/04/2009 17:50:02] /addskill Bara, level
[28/04/2009 17:50:02] /addskill Bara, level
[28/04/2009 17:50:03] /addskill Bara, level
[28/04/2009 17:50:03] /addskill Bara, level
[28/04/2009 17:50:03] /addskill Bara, level
[28/04/2009 17:50:03] /addskill Bara, level
[28/04/2009 17:50:03] /addskill Bara, level
[28/04/2009 17:50:03] /addskill Bara, level
[28/04/2009 17:50:03] /addskill Bara, level
[28/04/2009 17:50:03] /addskill Bara, level
[28/04/2009 17:50:03] /addskill Bara, level
[28/04/2009 17:50:03] /addskill Bara, level
[28/04/2009 17:50:03] /addskill Bara, level
[28/04/2009 17:50:03] /addskill Bara, level
[28/04/2009 17:50:03] /addskill Bara, level
[28/04/2009 17:50:03] /addskill Bara, level
[28/04/2009 17:50:03] /addskill Bara, level
[28/04/2009 17:50:03] /addskill Bara, level
[28/04/2009 17:50:03] /addskill Bara, level
[28/04/2009 17:50:03] /addskill Bara, level
[28/04/2009 17:50:03] /addskill Bara, level
[28/04/2009 17:50:03] /addskill Bara, level
[28/04/2009 17:50:03] /addskill Bara, level
[28/04/2009 17:50:03] /addskill Bara, level
[28/04/2009 17:50:03] /addskill Bara, level
[28/04/2009 17:50:03] /addskill Bara, level
[28/04/2009 17:50:03] /addskill Bara, level
[28/04/2009 17:50:03] /addskill Bara, level
[28/04/2009 17:50:03] /addskill Bara, level
[28/04/2009 17:50:03] /addskill Bara, level
[28/04/2009 17:50:03] /addskill Bara, level
[28/04/2009 17:50:04] /addskill Bara, level
[28/04/2009 17:50:04] /addskill Bara, level
[28/04/2009 17:50:04] /addskill Bara, level
[28/04/2009 17:50:04] /addskill Bara, level
[28/04/2009 17:50:04] /addskill Bara, level
[28/04/2009 17:50:04] /addskill Bara, level
[28/04/2009 17:50:04] /addskill Bara, level
[28/04/2009 17:50:04] /addskill Bara, level
[28/04/2009 17:50:04] /addskill Bara, level
[28/04/2009 17:50:04] /addskill Bara, level
[28/04/2009 17:50:04] /addskill Bara, level
[28/04/2009 17:50:04] /addskill Bara, level
[28/04/2009 17:50:04] /addskill Bara, level
[28/04/2009 17:50:05] /n alice
[28/04/2009 17:51:55] /r
[28/04/2009 17:51:56] /n alice
[28/04/2009 17:54:33] /r
[28/04/2009 17:54:35] /n alice
[28/04/2009 17:55:07] /r
[28/04/2009 17:55:10] /n alice
[28/04/2009 17:56:07] /r
[28/04/2009 17:56:13] /n alice
[28/04/2009 17:56:55] /r
[28/04/2009 17:56:57] /n alice
[28/04/2009 17:57:02] /r
[28/04/2009 22:52:51] /town quendor
[28/04/2009 22:52:54] /a 50
[28/04/2009 22:52:55] /a 50
[28/04/2009 22:52:55] /a 50
[28/04/2009 22:52:55] /a 50
[28/04/2009 22:52:56] /a 50
[28/04/2009 22:52:57] /a 50
[28/04/2009 22:52:58] /a 10
[28/04/2009 22:53:01] /down
[28/04/2009 22:53:02] /a 5
[28/04/2009 22:53:02] /a 5
[28/04/2009 22:53:03] /a 5
[28/04/2009 22:53:03] /a 5
[28/04/2009 22:53:04] /a 5
[28/04/2009 22:53:05] /a 5
[28/04/2009 22:54:01] /a 2
[28/04/2009 22:54:36] /reload actions
[28/04/2009 22:56:05] /reload actions
[28/04/2009 22:56:23] /reload actions
[28/04/2009 22:56:28] /reload actions
[28/04/2009 22:56:33] /reload actions
[28/04/2009 22:56:38] /reload actions
[28/04/2009 22:56:44] /reload actions
[28/04/2009 22:56:48] /reload actions
[28/04/2009 22:56:52] /reload actions
[28/04/2009 22:56:56] /reload actions
[28/04/2009 22:57:05] /goto fawkes
[28/04/2009 22:58:11] /a 50
[28/04/2009 22:58:11] /a 50
[28/04/2009 22:58:12] /a 50
[28/04/2009 22:58:12] /a 50
[28/04/2009 22:58:12] /a 50
[28/04/2009 22:58:13] /a 50
[28/04/2009 22:58:27] /down
[28/04/2009 22:58:28] /a 5
[28/04/2009 22:58:28] /a 5
[28/04/2009 22:58:29] /a 5
[28/04/2009 22:58:29] /a 5
[28/04/2009 22:58:30] /a 5
[28/04/2009 22:58:30] /a 5
[28/04/2009 22:58:30] /a 5
[28/04/2009 22:58:31] /a 5
[28/04/2009 22:59:04] /a 2
[28/04/2009 22:59:33] /reload actions
[28/04/2009 22:59:55] /up
[28/04/2009 23:00:02] /a 8
[28/04/2009 23:00:30] /c fawkes
[28/04/2009 23:00:35] /a 
[28/04/2009 23:00:37] /a 6
[28/04/2009 23:00:37] /a 6
[28/04/2009 23:00:39] /a 6
[28/04/2009 23:00:39] /a 6
[28/04/2009 23:00:40] /a 6
[28/04/2009 23:00:40] /a 6
[28/04/2009 23:00:41] /a 6
[28/04/2009 23:00:42] /a 6
[28/04/2009 23:00:46] /a 6
[28/04/2009 23:00:46] /a 6
[28/04/2009 23:00:47] /a 6
[28/04/2009 23:00:48] /a 6
[28/04/2009 23:00:48] /a 6
[28/04/2009 23:00:49] /up
[28/04/2009 23:00:50] /a 6
[28/04/2009 23:00:50] /a 6
[28/04/2009 23:00:51] /a 6
[28/04/2009 23:00:55] /up
[28/04/2009 23:01:23] /c fawkes
[28/04/2009 23:02:16] /reload move
[28/04/2009 23:02:37] /a 2
[28/04/2009 23:02:37] /a 2
[28/04/2009 23:02:38] /a 2
[28/04/2009 23:02:39] /a 2
[28/04/2009 23:02:41] /a 2
[28/04/2009 23:02:41] /a 2
[28/04/2009 23:02:42] /a 2
[28/04/2009 23:02:42] /a 2
[28/04/2009 23:02:43] /a 109
[28/04/2009 23:02:44] /a 10
[28/04/2009 23:02:45] /a 10
[28/04/2009 23:02:46] /up
[28/04/2009 23:02:46] /a 10
[28/04/2009 23:02:47] /a 10
[28/04/2009 23:02:49] /up
[28/04/2009 23:02:53] /a 5
[28/04/2009 23:02:54] /a 5
[28/04/2009 23:02:57] /c slash
[28/04/2009 23:02:59] /c slash
[28/04/2009 23:03:09] /c slash
[28/04/2009 23:04:09] /a 
[28/04/2009 23:04:10] /a 
[28/04/2009 23:04:11] /a 
[28/04/2009 23:04:11] /a 
[28/04/2009 23:04:18] /a 2
[28/04/2009 23:06:38] /reload move
[28/04/2009 23:06:43] /up
[28/04/2009 23:06:49] /c slash
[28/04/2009 23:07:30] /r
[28/04/2009 23:07:30] /r
[28/04/2009 23:07:31] /r
[28/04/2009 23:07:31] /r
[28/04/2009 23:07:32] /r
[28/04/2009 23:07:32] /r
[28/04/2009 23:07:33] /r
[28/04/2009 23:07:34] /r
[28/04/2009 23:08:35] /r
[28/04/2009 23:08:36] /r
[28/04/2009 23:09:23] /a 10
[28/04/2009 23:09:24] /a 10
[28/04/2009 23:09:26] /down
[28/04/2009 23:09:27] /a 5
[28/04/2009 23:09:27] /a 5
[28/04/2009 23:09:28] /a 5
[28/04/2009 23:09:28] /a 5
[28/04/2009 23:09:29] /a 5
[28/04/2009 23:09:32] /goto slash
[28/04/2009 23:09:42] /reload move
[28/04/2009 23:09:43] /up
[28/04/2009 23:09:54] /c slash
[28/04/2009 23:09:56] /c fawkes
[28/04/2009 23:10:35] /c slash
[28/04/2009 23:11:15] /a 4
[28/04/2009 23:11:16] /a 4
[28/04/2009 23:11:16] /a 4
[28/04/2009 23:11:19] /a 4
[28/04/2009 23:11:19] /a 4
[28/04/2009 23:11:20] /a 4
[28/04/2009 23:11:44] /r
[28/04/2009 23:11:45] /r
[28/04/2009 23:11:46] /r
[28/04/2009 23:11:56] /r
[28/04/2009 23:12:05] /town quendor
[28/04/2009 23:12:09] /c slash
[28/04/2009 23:12:11] /c fawkes
[28/04/2009 23:13:59] /c slash
[28/04/2009 23:14:25] /i 2160, 100
[28/04/2009 23:14:34] /down
[28/04/2009 23:14:37] /a
[28/04/2009 23:14:39] /a 10
[28/04/2009 23:14:57] /c slash
[28/04/2009 23:15:32] /c slash
[28/04/2009 23:15:49] /r
[28/04/2009 23:15:52] /r
[28/04/2009 23:22:42] /c slash
[28/04/2009 23:24:34] /a 20
[28/04/2009 23:24:34] /a 20
[28/04/2009 23:24:35] /a 20
[28/04/2009 23:24:35] /a 20
[28/04/2009 23:24:35] /a 20
[28/04/2009 23:24:36] /a 20
[28/04/2009 23:24:36] /a 20
[28/04/2009 23:24:36] /a 20
[28/04/2009 23:24:38] /a 20
[28/04/2009 23:24:38] /a 20
[28/04/2009 23:24:39] /a 20
[28/04/2009 23:24:43] /c slash
[28/04/2009 23:24:44] /c fawkes
[28/04/2009 23:25:44] /c slash
[28/04/2009 23:25:46] /c fawkes
[28/04/2009 23:27:04] /c slash
[28/04/2009 23:28:15] /a
[28/04/2009 23:28:52] /r
[28/04/2009 23:28:52] /r
[28/04/2009 23:28:54] /r
[28/04/2009 23:28:54] /r
[28/04/2009 23:28:55] /r
[28/04/2009 23:28:55] /r
[28/04/2009 23:28:57] /r
[28/04/2009 23:29:06] /i 1396, 1
[28/04/2009 23:29:07] /r
[28/04/2009 23:29:11] /i 1394, 1
[28/04/2009 23:29:12] /i 1394, 1
[28/04/2009 23:29:59] /b
[28/04/2009 23:30:01] /b LEMBREI
[28/04/2009 23:30:05] /b LEMBREI ond é os demon
[28/04/2009 23:30:12] /c fawkes
[28/04/2009 23:30:14] /c slash
[28/04/2009 23:31:42] /c slash
[28/04/2009 23:31:44] /c fawkes
[28/04/2009 23:34:18] /m zugurosh
[28/04/2009 23:34:21] /c slash
[28/04/2009 23:36:24] /goto slash
[29/04/2009 20:09:50] /t
[29/04/2009 20:09:53] /n alice
[29/04/2009 20:10:35] /r
[29/04/2009 20:10:40] /n thorn.joias
[29/04/2009 20:10:41] /n thorn.joia
