[10/03/2009 13:55:28] /town aracura
[10/03/2009 13:55:32] /town thorn
[10/03/2009 13:55:33] /a 20
[10/03/2009 13:55:34] /a 100
[10/03/2009 13:55:35] /a 100
[10/03/2009 13:55:36] /a 100
[10/03/2009 13:55:37] /a 100
[10/03/2009 13:55:38] /a 100
[10/03/2009 13:55:39] /a 100
[10/03/2009 13:55:40] /a 100
[10/03/2009 13:55:43] /a 40
[10/03/2009 13:55:43] /a 40
[10/03/2009 13:55:45] /a 40
[10/03/2009 13:55:46] /a 40
[10/03/2009 13:55:46] /a 40
[10/03/2009 13:55:46] /a 40
[10/03/2009 13:55:48] /a 40
[10/03/2009 13:55:50] /a 100
[10/03/2009 13:55:51] /a 100
[10/03/2009 13:55:53] /a 100
[10/03/2009 13:55:54] /a 100
[10/03/2009 13:55:54] /a 100
[10/03/2009 13:55:56] /a 20
[10/03/2009 13:55:57] /a 20
[10/03/2009 13:55:58] /a 20
[10/03/2009 13:55:58] /a 20
[10/03/2009 13:55:58] /a 20
[10/03/2009 13:55:59] /a 20
[10/03/2009 13:56:00] /a 100
[10/03/2009 13:56:01] /a 100
[10/03/2009 13:56:02] /a 100
[10/03/2009 13:56:03] /a 100
[10/03/2009 13:56:05] /a 450
[10/03/2009 13:56:06] /a 400
[10/03/2009 13:56:15] /town salazart
[10/03/2009 13:56:23] /down
[10/03/2009 13:56:23] /down
[10/03/2009 13:56:24] /down
[10/03/2009 13:56:25] /down
[10/03/2009 13:56:26] /up
[10/03/2009 13:59:02] /a 100
[10/03/2009 13:59:06] /a 20
[10/03/2009 13:59:07] /a 20
[10/03/2009 13:59:07] /a 20
[10/03/2009 13:59:08] /a 20
[10/03/2009 13:59:21] /a 2
[10/03/2009 13:59:23] /town quendor
[10/03/2009 14:00:15] /town northrend
[10/03/2009 14:00:56] /town northrend
[10/03/2009 14:01:43] /town northrend
[10/03/2009 14:02:39] /a 20
[10/03/2009 14:02:40] /a 20
[10/03/2009 14:02:40] /a 20
[10/03/2009 14:02:41] /a 20
[10/03/2009 14:02:41] /a 20
[10/03/2009 14:02:42] /a 20
[10/03/2009 14:02:43] /a 20
[10/03/2009 14:02:44] /a 20
[10/03/2009 14:02:45] /a 20
[10/03/2009 14:02:48] /down
[10/03/2009 14:02:49] /down
[10/03/2009 14:02:50] /a 1
[10/03/2009 14:02:52] /a 5
[10/03/2009 14:02:53] /a 5
[10/03/2009 14:02:53] /a 5
[10/03/2009 14:02:54] /a 5
[10/03/2009 14:02:54] /a 5
[10/03/2009 14:02:55] /a 5
[10/03/2009 14:02:55] /a 5
[10/03/2009 14:02:56] /a 5
[10/03/2009 14:02:56] /a 5
[10/03/2009 14:02:57] /a 5
[10/03/2009 14:02:59] /a 5
[10/03/2009 14:03:00] /a 5
[10/03/2009 14:03:01] /up
[10/03/2009 14:03:01] /up
[10/03/2009 14:03:06] /down
[10/03/2009 14:03:08] /a 5
[10/03/2009 14:03:09] /a 5
[10/03/2009 14:03:10] /a 5
[10/03/2009 14:03:11] /a 5
[10/03/2009 14:03:11] /a 5
[10/03/2009 14:03:12] /a 5
[10/03/2009 14:03:12] /a 5
[10/03/2009 14:03:12] /a 5
[10/03/2009 14:03:13] /a 5
[10/03/2009 14:03:13] /a 5
[10/03/2009 14:03:13] /a 5
[10/03/2009 14:03:16] /a 5
[10/03/2009 14:03:18] /down
[10/03/2009 14:03:20] /a 10
[10/03/2009 14:03:21] /a 10
[10/03/2009 14:03:22] /a 10
[10/03/2009 14:03:23] /a 10
[10/03/2009 14:03:24] /a 10
[10/03/2009 14:03:25] /a 10
[10/03/2009 14:03:25] /a 10
[10/03/2009 14:03:26] /a 10
[10/03/2009 14:03:27] /a 10
[10/03/2009 14:03:28] /a 10
[10/03/2009 14:03:28] /a 10
[10/03/2009 14:03:29] /a 10
[10/03/2009 14:03:29] /a 10
[10/03/2009 14:03:30] /a 10
[10/03/2009 14:03:31] /a 10
[10/03/2009 14:03:32] /a 10
[10/03/2009 14:03:32] /a 10
[10/03/2009 14:03:33] /a 10
[10/03/2009 14:03:34] /a 10
[10/03/2009 14:03:35] /a 10
[10/03/2009 14:03:35] /a 10
[10/03/2009 14:03:36] /a 10
[10/03/2009 14:03:37] /a 10
[10/03/2009 14:03:38] /a 10
[10/03/2009 14:03:38] /a 10
[10/03/2009 14:03:39] /a 10
[10/03/2009 14:03:39] /a 10
[10/03/2009 14:03:40] /a 10
[10/03/2009 14:03:40] /a 10
[10/03/2009 14:03:40] /a 10
[10/03/2009 14:03:41] /a 10
[10/03/2009 14:03:42] /a 10
[10/03/2009 14:03:45] /a 5
[10/03/2009 14:03:46] /a 5
[10/03/2009 14:03:46] /a 5
[10/03/2009 14:03:47] /a 5
[10/03/2009 14:03:47] /a 5
[10/03/2009 14:03:47] /a 5
[10/03/2009 14:03:48] /a 5
[10/03/2009 14:03:48] /a 5
[10/03/2009 14:03:49] /a 5
[10/03/2009 14:03:49] /a 5
[10/03/2009 14:03:49] /a 5
[10/03/2009 14:03:50] /a 5
[10/03/2009 14:03:51] /a 5
[10/03/2009 14:03:51] /a 5
[10/03/2009 14:03:52] /a 5
[10/03/2009 14:03:52] /a 5
[10/03/2009 14:03:53] /a 10
[10/03/2009 14:03:55] /a 10
[10/03/2009 14:03:56] /a 5
[10/03/2009 14:03:57] /a 5
[10/03/2009 14:03:57] /a 5
[10/03/2009 14:03:58] /a 5
[10/03/2009 14:04:00] /a 5
[10/03/2009 14:04:01] /a 5
[10/03/2009 14:04:01] /a 5
[10/03/2009 14:04:02] /a 5
[10/03/2009 14:04:03] /a 5
[10/03/2009 14:04:04] /a 5
[10/03/2009 14:04:04] /a 5
[10/03/2009 14:04:05] /a 5
[10/03/2009 14:04:08] /t
[10/03/2009 14:04:10] /a 10
[10/03/2009 14:04:10] /a 10
[10/03/2009 14:04:11] /a 10
[10/03/2009 14:04:12] /a 10
[10/03/2009 14:04:12] /a 10
[10/03/2009 14:04:12] /a 10
[10/03/2009 14:04:13] /a 10
[10/03/2009 14:04:17] /down
[10/03/2009 14:06:44] /t
[18/03/2009 21:09:09] /town aracura
[18/03/2009 21:09:19] /t
[18/03/2009 21:09:32] /town aracura
[18/03/2009 21:12:09] /reload move
[18/03/2009 21:12:43] /reload movements
[18/03/2009 21:13:26] /reload movements
[18/03/2009 21:14:34] /t
[18/03/2009 21:14:36] /a 20
[18/03/2009 21:14:37] /a 20
[18/03/2009 21:14:37] /a 20
[18/03/2009 21:14:38] /a 20
[18/03/2009 21:14:40] /a 20
[18/03/2009 21:14:40] /a 20
[18/03/2009 21:14:41] /a 20
[18/03/2009 21:14:41] /a 20
[18/03/2009 21:14:42] /a 20
[18/03/2009 21:14:43] /a 20
[18/03/2009 21:14:44] /a 20
[18/03/2009 21:14:44] /a 20
[18/03/2009 21:14:45] /a 20
[18/03/2009 21:14:45] /a 20
[18/03/2009 21:14:46] /a 20
[18/03/2009 21:14:48] /a 20
[18/03/2009 21:14:49] /a 20
[18/03/2009 21:14:49] /a 20
[18/03/2009 21:14:50] /a 20
[18/03/2009 21:14:51] /a 20
[18/03/2009 21:14:52] /a 20
[18/03/2009 21:14:56] /a 5
[18/03/2009 21:14:58] /a 5
[18/03/2009 21:15:53] /reload talk
[18/03/2009 21:16:24] /reload talk
[18/03/2009 21:17:00] /reload talk
[18/03/2009 21:17:23] /reload talk
[18/03/2009 21:19:54] /reload talk
[18/03/2009 21:21:05] /reload talk
[18/03/2009 21:25:34] /reload talk
[19/03/2009 16:29:53] /t
[19/03/2009 16:29:55] /town aracura
[19/03/2009 16:30:00] /t
[19/03/2009 16:31:12] /town aracura
[19/03/2009 16:31:18] /t
[19/03/2009 16:39:39] /t
[19/03/2009 16:39:43] /town aracura
[19/03/2009 16:39:46] /t
[20/03/2009 16:50:08] /t
[20/03/2009 16:50:12] /town aracura
[20/03/2009 16:50:16] /t
[20/03/2009 16:55:21] /a 20
[20/03/2009 16:55:21] /a 20
[20/03/2009 16:55:23] /a 20
[20/03/2009 16:55:24] /a 20
[20/03/2009 16:55:30] /down
[20/03/2009 16:55:41] /up
[20/03/2009 16:55:44] /a 50
[20/03/2009 16:55:45] /a 50
[20/03/2009 16:55:48] /a 20
[20/03/2009 16:55:49] /a 20
[20/03/2009 16:55:50] /a 20
[20/03/2009 16:55:51] /a 20
[20/03/2009 16:55:53] /down
[20/03/2009 16:55:55] /a 20
[20/03/2009 16:55:56] /down
[20/03/2009 16:55:58] /a 5
[20/03/2009 16:55:59] /a 5
[20/03/2009 16:55:59] /a 5
[20/03/2009 16:56:01] /a 5
[20/03/2009 16:56:01] /a 5
[20/03/2009 16:56:02] /a 5
[20/03/2009 16:56:03] /a 5
[20/03/2009 16:56:03] /a 5
[20/03/2009 16:56:03] /a 5
[20/03/2009 16:56:04] /a 5
[20/03/2009 16:56:04] /a 5
[20/03/2009 16:56:04] /a 5
[20/03/2009 16:56:05] /a 5
[20/03/2009 16:56:05] /a 5
[20/03/2009 16:56:05] /a 5
[20/03/2009 16:56:06] /a 5
[20/03/2009 16:56:06] /a 5
[20/03/2009 16:56:07] /a 5
[20/03/2009 16:56:07] /a 5
[20/03/2009 16:56:07] /a 5
[20/03/2009 16:56:08] /a 5
[20/03/2009 16:56:08] /a 5
[20/03/2009 16:58:24] /i knight axe, 1
[20/03/2009 17:00:40] /t
[23/03/2009 13:12:28] /s ankrahmun_food
[23/03/2009 13:12:34] /n ankrahmun_food
