[29/04/2009 22:57:41] /goto bara
[29/04/2009 22:57:42] /goto bara
[29/04/2009 22:57:43] /goto bara
[29/04/2009 22:57:44] /goto bara
[29/04/2009 22:57:45] /goto bara
[29/04/2009 22:57:46] /goto bara
[29/04/2009 22:57:47] /goto bara
[29/04/2009 22:57:47] /goto bara
[29/04/2009 22:57:48] /goto bara
[29/04/2009 22:57:49] /goto bara
[29/04/2009 22:57:50] /goto bara
[29/04/2009 22:57:51] /goto bara
[29/04/2009 22:57:52] /goto bara
[29/04/2009 22:57:52] /goto bara
[29/04/2009 22:57:53] /goto bara
[29/04/2009 22:57:54] /goto bara
[29/04/2009 22:57:55] /goto bara
[29/04/2009 22:57:56] /goto bara
[29/04/2009 22:57:57] /goto bara
[29/04/2009 22:57:58] /goto bara
[29/04/2009 22:57:59] /goto bara
[29/04/2009 22:57:59] /goto bara
[29/04/2009 22:58:09] /goto bara
[29/04/2009 22:58:18] /goto bara
[29/04/2009 22:58:20] /goto bara
[29/04/2009 22:58:21] /goto bara
[29/04/2009 22:58:22] /goto bara
[29/04/2009 22:58:23] /goto bara
[29/04/2009 22:58:24] /goto bara
[29/04/2009 22:58:25] /goto bara
[29/04/2009 22:59:01] /goto bara
[29/04/2009 22:59:03] /goto bara
[29/04/2009 22:59:04] /goto bara
[29/04/2009 22:59:11] /goto bara
[29/04/2009 23:00:00] /goto bara
[29/04/2009 23:00:06] /goto bara
[29/04/2009 23:00:08] /goto bara
[29/04/2009 23:00:18] /goto bara
[29/04/2009 23:00:32] /goto bara
[29/04/2009 23:00:44] /goto bara
[29/04/2009 23:01:18] /goto bara
[29/04/2009 23:01:29] /goto bara
[29/04/2009 23:01:31] /goto bara
[29/04/2009 23:01:34] /goto bara
[29/04/2009 23:01:50] /goto bara
[29/04/2009 23:01:51] /goto bara
[29/04/2009 23:01:52] /goto bara
[29/04/2009 23:01:53] /goto bara
[29/04/2009 23:01:54] /goto bara
[29/04/2009 23:01:55] /goto bara
[29/04/2009 23:01:56] /goto bara
[29/04/2009 23:01:57] /goto bara
[29/04/2009 23:01:58] /goto bara
[29/04/2009 23:02:31] /goto bara
[29/04/2009 23:02:35] /goto bara
[29/04/2009 23:02:48] /goto bara
[29/04/2009 23:02:50] /goto bara
[29/04/2009 23:02:51] /goto bara
[29/04/2009 23:02:53] /goto bara
[29/04/2009 23:03:15] /goto bara
[29/04/2009 23:03:16] /goto bara
[29/04/2009 23:03:19] /goto bara4
[29/04/2009 23:03:20] /goto bara4
[29/04/2009 23:03:22] /goto bara
[29/04/2009 23:03:23] /goto bara
[29/04/2009 23:03:24] /goto bara
[29/04/2009 23:03:25] /goto bara
[29/04/2009 23:03:26] /goto bara
[29/04/2009 23:03:26] /goto bara
[29/04/2009 23:03:34] /goto bara
[29/04/2009 23:03:47] /goto bara
[29/04/2009 23:04:12] /goto bara
[29/04/2009 23:04:14] /goto bara
[29/04/2009 23:04:15] /goto bara
[29/04/2009 23:04:28] /goto bara
[29/04/2009 23:04:37] /goto bara
[29/04/2009 23:04:39] /goto bara
[29/04/2009 23:04:40] /goto bara
[29/04/2009 23:04:41] /goto bara
[29/04/2009 23:04:42] /goto bara
[29/04/2009 23:04:52] /goto bara
[29/04/2009 23:04:54] /goto bara
[29/04/2009 23:06:14] /goto bara
[29/04/2009 23:06:16] /goto bara
[29/04/2009 23:06:17] /goto bara
[29/04/2009 23:06:34] /goto bara
[29/04/2009 23:06:36] /goto bara
[29/04/2009 23:06:37] /goto bara
[29/04/2009 23:06:38] /goto bara
[29/04/2009 23:06:39] /goto bara
[29/04/2009 23:06:40] /goto bara
[29/04/2009 23:06:46] /goto bara
[29/04/2009 23:06:48] /goto bara
[29/04/2009 23:06:49] /goto bara
[29/04/2009 23:06:50] /goto bara
[29/04/2009 23:06:51] /goto bara
[29/04/2009 23:06:52] /goto bara
[29/04/2009 23:06:53] /goto bara
[29/04/2009 23:06:54] /goto bara
[29/04/2009 23:06:55] /goto bara
[29/04/2009 23:06:58] /a 5
[29/04/2009 23:07:01] /a 5
[29/04/2009 23:07:08] /a 5
[29/04/2009 23:07:11] /a 5
[29/04/2009 23:07:12] /a 5
[29/04/2009 23:07:13] /a 5
[29/04/2009 23:09:33] /goto bara
[29/04/2009 23:09:40] /goto bara
[29/04/2009 23:09:41] /goto bara
[29/04/2009 23:09:43] /goto bara
[29/04/2009 23:09:43] /goto bara
[29/04/2009 23:09:44] /goto bara
[29/04/2009 23:09:46] /goto bara
[29/04/2009 23:09:48] /goto bara
[29/04/2009 23:11:31] /addskill level,Billabong Insanity 1010101
[29/04/2009 23:11:35] /addskill level,Billabong Insanity
[29/04/2009 23:11:37] /addskill level,Billabong Insanity
[29/04/2009 23:13:54] /n The Avenger 1
[29/04/2009 23:14:19] /n Emerald Sword 1
[29/04/2009 23:14:39] /m Demon
[29/04/2009 23:14:40] /m Demon
[29/04/2009 23:17:41] /t
[29/04/2009 23:19:15] /down
[29/04/2009 23:19:35] /goto bara
[29/04/2009 23:19:38] /t
[29/04/2009 23:19:45] /goto Warlock
[29/04/2009 23:19:47] /goto Warlock
[29/04/2009 23:19:48] /goto Warlock
[29/04/2009 23:19:51] /t
[29/04/2009 23:21:07] /up
[29/04/2009 23:21:13] /a 5
[29/04/2009 23:21:15] /up
[29/04/2009 23:22:04] /goto bara
[29/04/2009 23:23:09] /t
[29/04/2009 23:24:13] /goto Warlock
[29/04/2009 23:24:23] /goto Warlock
[29/04/2009 23:24:33] /goto Warlock
[29/04/2009 23:24:44] /goto Warlock
[29/04/2009 23:24:50] /goto Warlock
[29/04/2009 23:24:56] /goto Warlock
[29/04/2009 23:25:05] /goto Warlock
[29/04/2009 23:25:13] /goto Warlock
[29/04/2009 23:25:19] /goto Warlock
[29/04/2009 23:25:26] /goto Warlock
[29/04/2009 23:25:33] /goto Warlock
[29/04/2009 23:25:41] /goto Warlock
[29/04/2009 23:25:48] /goto Warlock
[29/04/2009 23:26:23] /goto Warlock
[29/04/2009 23:26:26] /t
[29/04/2009 23:26:32] /goto bara
[29/04/2009 23:26:47] /t
[29/04/2009 23:27:34] /a 5
[29/04/2009 23:27:36] /a 5
[29/04/2009 23:27:37] /a 5
[29/04/2009 23:27:38] /a 5
[29/04/2009 23:27:38] /a 5
[29/04/2009 23:27:39] /a 5
[29/04/2009 23:27:40] /a 5
[29/04/2009 23:27:40] /a 5
[29/04/2009 23:27:41] /a 5
[29/04/2009 23:27:41] /a 5
[29/04/2009 23:27:42] /a 5
[29/04/2009 23:27:43] /a 5
[29/04/2009 23:27:43] /a 5
[29/04/2009 23:27:44] /a 5
[29/04/2009 23:27:45] /a 5
[29/04/2009 23:27:45] /a 5
[29/04/2009 23:27:46] /a 5
[29/04/2009 23:27:47] /a 5
[29/04/2009 23:27:47] /a 5
[29/04/2009 23:27:48] /a 5
[29/04/2009 23:27:48] /a 5
[29/04/2009 23:27:49] /a 5
[29/04/2009 23:27:49] /a 5
[29/04/2009 23:27:49] /a 5
[29/04/2009 23:27:50] /a 5
[29/04/2009 23:27:51] /a 5
[29/04/2009 23:27:51] /a 5
[29/04/2009 23:27:51] /a 5
[29/04/2009 23:27:52] /a 5
[29/04/2009 23:27:52] /a 5
[29/04/2009 23:27:52] /a 5
[29/04/2009 23:27:53] /a 5
[29/04/2009 23:27:53] /a 5
[29/04/2009 23:27:54] /a 5
[29/04/2009 23:27:54] /a 5
[29/04/2009 23:27:55] /a 5
[29/04/2009 23:28:50] /up
[29/04/2009 23:28:53] /up
[29/04/2009 23:28:56] /a 5
[29/04/2009 23:28:56] /a 5
[29/04/2009 23:28:57] /a 5
[29/04/2009 23:28:57] /a 5
[29/04/2009 23:28:57] /a 5
[29/04/2009 23:28:58] /a 5
[29/04/2009 23:29:00] /a 5
[29/04/2009 23:29:01] /a 5
[29/04/2009 23:29:01] /a 5
[29/04/2009 23:29:02] /a 5
[29/04/2009 23:29:04] /up
[29/04/2009 23:29:15] /goto bara
