[01/05/2009 10:43:04] /goto bara
[01/05/2009 10:43:11] /town aracura
[01/05/2009 10:43:25] /c bara
[01/05/2009 10:43:52] /a 2
[01/05/2009 10:43:57] /owner none
[01/05/2009 10:44:03] /a 2
[01/05/2009 10:44:08] /a 2
[01/05/2009 10:44:15] /i 2222 1
[01/05/2009 10:44:25] /n magic plate armor 1
[01/05/2009 10:44:27] /n magic plate armor 
[01/05/2009 10:44:30] /n magic plate armor
[01/05/2009 10:44:39] /i 2111 1
[01/05/2009 10:44:40] /i 2111 
[01/05/2009 10:44:53] /a 2
[01/05/2009 10:44:56] /owner none
[01/05/2009 10:45:01] /a 2
[01/05/2009 10:45:06] /a 1
[01/05/2009 10:45:07] /a 1
[01/05/2009 10:45:09] /a 1
[01/05/2009 10:45:09] /a 1
[01/05/2009 10:45:09] /a 1
[01/05/2009 10:47:53] /up
[01/05/2009 10:47:55] /up
[01/05/2009 10:47:58] /up
[01/05/2009 10:48:28] /i 2146
[01/05/2009 10:48:32] /i 2126
[01/05/2009 10:49:11] /m demon
[01/05/2009 10:49:55] /i 2148
[01/05/2009 10:50:02] /i 2152
[01/05/2009 10:50:08] /i 2160
[01/05/2009 10:51:15] /goto bara
[01/05/2009 10:51:40] /a 10
[01/05/2009 10:51:41] /a 10
[01/05/2009 10:51:42] /a 10
[01/05/2009 10:51:42] /a 10
[01/05/2009 10:51:43] /a 10
[01/05/2009 10:51:44] /a 10
[01/05/2009 10:51:44] /a 10
[01/05/2009 10:51:46] /a 10
[01/05/2009 10:51:47] /a 10
[01/05/2009 10:51:49] /a 10
[01/05/2009 10:51:50] /a 10
[01/05/2009 10:51:50] /a 10
[01/05/2009 10:51:50] /a 10
[01/05/2009 10:51:52] /a 10
[01/05/2009 10:51:55] /up
[01/05/2009 10:52:47] /town quendor
[01/05/2009 10:52:50] /a 100
[01/05/2009 10:52:51] /a 100
[01/05/2009 10:53:06] /goto bara
[01/05/2009 10:53:09] /a 2
[01/05/2009 10:53:10] /a 2
[01/05/2009 10:53:44] /r
[01/05/2009 10:53:47] /r
[01/05/2009 10:53:49] /r
[01/05/2009 10:54:02] /down
[01/05/2009 10:54:05] /down
[01/05/2009 10:54:08] /up
[01/05/2009 10:54:11] /a 10
[01/05/2009 10:54:18] /c bara
[01/05/2009 10:54:51] /town thorn
[01/05/2009 10:54:57] /a 10
[01/05/2009 10:54:58] /a 10
[01/05/2009 10:54:58] /a 10
[01/05/2009 10:54:59] /a 10
[01/05/2009 10:54:59] /a 10
[01/05/2009 10:54:59] /a 10
[01/05/2009 10:55:00] /a 10
[01/05/2009 10:55:01] /a 10
[01/05/2009 10:55:02] /a 10
[01/05/2009 10:55:02] /a 10
[01/05/2009 10:55:04] /a 10
[01/05/2009 10:55:05] /a 10
[01/05/2009 10:55:05] /a 10
[01/05/2009 10:55:09] /up
[01/05/2009 10:55:17] /up
[01/05/2009 10:55:19] /a 10
[01/05/2009 10:55:20] /a 10
[01/05/2009 10:55:21] /a 10
[01/05/2009 10:55:22] /a 10
[01/05/2009 10:55:22] /a 10
[01/05/2009 10:55:38] /a 10
[01/05/2009 10:55:40] /a 10
[01/05/2009 10:55:43] /a 2
[01/05/2009 10:56:06] /a 10
[01/05/2009 10:56:06] /a 10
[01/05/2009 10:56:07] /a 10
[01/05/2009 10:56:10] /a 10
[01/05/2009 10:56:11] /a 10
[01/05/2009 10:56:13] /up
[01/05/2009 10:56:14] /up
[01/05/2009 10:56:31] /a 10
[01/05/2009 10:56:32] /a 10
[01/05/2009 10:56:32] /a 10
[01/05/2009 10:56:32] /a 10
[01/05/2009 10:56:33] /a 10
[01/05/2009 10:56:33] /a 10
[01/05/2009 10:56:33] /a 10
[01/05/2009 10:56:34] /a 10
[01/05/2009 10:56:34] /a 10
[01/05/2009 10:56:35] /a 10
[01/05/2009 10:56:36] /a 10
[01/05/2009 10:56:36] /a 10
[01/05/2009 10:56:37] /a 10
[01/05/2009 10:56:38] /a 10
[01/05/2009 10:56:39] /a 10
[01/05/2009 10:56:39] /a 10
[01/05/2009 10:56:41] /a 10
[01/05/2009 10:56:41] /a 10
[01/05/2009 10:56:41] /a 10
[01/05/2009 10:56:42] /a 10
[01/05/2009 10:56:45] /a 10
[01/05/2009 10:56:46] /a 10
[01/05/2009 10:56:47] /a 10
[01/05/2009 10:56:48] /a 10
[01/05/2009 10:56:53] /a 3
[01/05/2009 10:57:31] /a 2
[01/05/2009 10:58:26] /up
[01/05/2009 10:58:30] /a 10
[01/05/2009 10:58:31] /a 10
[01/05/2009 10:58:32] /a 10
[01/05/2009 10:58:34] /a 4
[01/05/2009 10:58:36] /up
[01/05/2009 10:58:38] /a 4
[01/05/2009 10:59:00] /r
[01/05/2009 10:59:01] /r
[01/05/2009 10:59:03] /r
[01/05/2009 10:59:06] /r
[01/05/2009 10:59:07] /r
[01/05/2009 10:59:29] /up
[01/05/2009 10:59:29] /up
[01/05/2009 10:59:30] /up
[01/05/2009 10:59:32] /down
[01/05/2009 10:59:35] /a 100
[01/05/2009 10:59:36] /a 100
[01/05/2009 10:59:37] /a 100
[01/05/2009 10:59:38] /a 100
[01/05/2009 10:59:41] /a 2
[01/05/2009 10:59:45] /c bara
[01/05/2009 11:03:30] /town aracura
[01/05/2009 11:03:36] /a 100
[01/05/2009 11:03:39] /a 2
[01/05/2009 11:03:40] /a 2
[01/05/2009 11:03:40] /a 2
[01/05/2009 11:03:41] /a 2
[01/05/2009 11:03:41] /a 2
[01/05/2009 11:03:41] /a 2
[01/05/2009 11:03:42] /a 2
[01/05/2009 11:03:43] /a 2
[01/05/2009 11:03:43] /a 2
[01/05/2009 11:03:43] /a 2
[01/05/2009 11:03:44] /a 2
[01/05/2009 11:03:44] /a 2
[01/05/2009 11:03:45] /a 2
[01/05/2009 11:03:45] /a 2
[01/05/2009 11:03:46] /a 2
[01/05/2009 11:03:46] /a 2
[01/05/2009 11:03:47] /a 2
[01/05/2009 11:03:48] /a 10
[01/05/2009 11:03:49] /a 10
[01/05/2009 11:03:50] /a 10
[01/05/2009 11:03:50] /a 10
[01/05/2009 11:03:53] /a 10
[01/05/2009 11:04:51] /town quendor
[01/05/2009 11:04:54] /a 100
[01/05/2009 11:04:55] /a 100
[01/05/2009 11:04:58] /a 10
[01/05/2009 11:04:58] /a 10
[01/05/2009 11:04:59] /a 10
[01/05/2009 11:04:59] /a 10
[01/05/2009 11:05:00] /a 10
[01/05/2009 11:05:01] /a 10
[01/05/2009 11:05:02] /a 10
[01/05/2009 11:05:02] /a 10
[01/05/2009 11:05:02] /a 10
[01/05/2009 11:05:18] /up
[01/05/2009 11:05:22] /a 
[01/05/2009 11:05:44] /c bara
[01/05/2009 11:06:42] /a 1
[01/05/2009 11:06:43] /a 1
[01/05/2009 11:06:43] /a 1
[01/05/2009 11:06:43] /a 1
[01/05/2009 11:06:46] /up
[01/05/2009 11:06:48] /a 2
[01/05/2009 11:06:49] /up
[01/05/2009 11:06:54] /a 10
[01/05/2009 11:06:55] /a 10
[01/05/2009 11:07:02] /a 10
[01/05/2009 11:07:03] /a 10
[01/05/2009 11:07:06] /up
[01/05/2009 11:07:07] /up
[01/05/2009 11:07:08] /up
[01/05/2009 11:08:48] /town aracura
[01/05/2009 11:08:51] /up
[01/05/2009 11:13:45] /c bara
[01/05/2009 11:13:46] /a 2
[01/05/2009 11:13:49] /owner noen
[01/05/2009 11:13:51] /owner none
[01/05/2009 11:14:22] /goto goblin
[01/05/2009 11:14:25] /c bara
[01/05/2009 11:14:29] /c bara
[01/05/2009 11:16:13] /r
[01/05/2009 11:16:14] /r
[01/05/2009 11:16:25] /a 2
[01/05/2009 11:16:25] /a 2
[01/05/2009 11:16:46] /r
[01/05/2009 11:16:51] /town quendor
[01/05/2009 11:16:51] /c bara
[01/05/2009 11:17:14] /c bara
[01/05/2009 11:17:46] /r
[01/05/2009 11:17:47] /r
[01/05/2009 11:17:48] /r
[01/05/2009 11:17:49] /r
[01/05/2009 11:17:50] /r
[01/05/2009 11:17:51] /r
[01/05/2009 11:17:51] /r
[01/05/2009 11:17:53] /c tile
[01/05/2009 11:18:11] /r
[01/05/2009 11:18:12] /r
[01/05/2009 11:18:13] /r
[01/05/2009 11:18:14] /r
[01/05/2009 11:18:21] /r
[01/05/2009 11:18:22] /r
[01/05/2009 11:18:22] /r
[01/05/2009 11:18:22] /r
[01/05/2009 11:18:22] /r
[01/05/2009 11:18:22] /r
[01/05/2009 11:18:22] /r
[01/05/2009 11:18:22] /r
[01/05/2009 11:18:22] /r
[01/05/2009 11:18:22] /r
[01/05/2009 11:18:22] /r
[01/05/2009 11:18:22] /r
[01/05/2009 11:18:22] /r
[01/05/2009 11:18:22] /r
[01/05/2009 11:18:22] /r
[01/05/2009 11:18:22] /r
[01/05/2009 11:18:22] /r
[01/05/2009 11:18:22] /r
[01/05/2009 11:18:22] /r
[01/05/2009 11:18:22] /r
[01/05/2009 11:18:22] /r
[01/05/2009 11:18:22] /r
[01/05/2009 11:18:22] /r
[01/05/2009 11:18:22] /r
[01/05/2009 11:18:22] /r
[01/05/2009 11:18:22] /r
[01/05/2009 11:18:22] /r
[01/05/2009 11:18:22] /r
[01/05/2009 11:18:23] /r
[01/05/2009 11:18:23] /r
[01/05/2009 11:18:23] /r
[01/05/2009 11:18:23] /r
[01/05/2009 11:18:23] /r
[01/05/2009 11:18:23] /r
[01/05/2009 11:18:23] /r
[01/05/2009 11:18:23] /r
[01/05/2009 11:18:23] /r
[01/05/2009 11:18:23] /r
[01/05/2009 11:18:23] /r
[01/05/2009 11:18:23] /r
[01/05/2009 11:18:23] /r
[01/05/2009 11:18:23] /r
[01/05/2009 11:18:23] /r
[01/05/2009 11:18:23] /r
[01/05/2009 11:18:23] /r
[01/05/2009 11:18:23] /r
[01/05/2009 11:18:23] /r
[01/05/2009 11:18:23] /r
[01/05/2009 11:18:23] /r
[01/05/2009 11:18:23] /r
[01/05/2009 11:18:23] /r
[01/05/2009 11:18:23] /r
[01/05/2009 11:18:23] /r
[01/05/2009 11:18:23] /r
[01/05/2009 11:18:23] /r
[01/05/2009 11:18:23] /r
[01/05/2009 11:18:24] /r
[01/05/2009 11:18:24] /r
[01/05/2009 11:18:24] /r
[01/05/2009 11:18:24] /r
[01/05/2009 11:18:24] /r
[01/05/2009 11:18:24] /r
[01/05/2009 11:18:24] /r
[01/05/2009 11:18:24] /r
[01/05/2009 11:18:24] /r
[01/05/2009 11:18:24] /r
[01/05/2009 11:18:24] /r
[01/05/2009 11:18:24] /r
[01/05/2009 11:18:24] /r
[01/05/2009 11:18:24] /r
[01/05/2009 11:18:24] /r
[01/05/2009 11:18:24] /r
[01/05/2009 11:18:24] /r
[01/05/2009 11:18:24] /r
[01/05/2009 11:18:24] /r
[01/05/2009 11:18:24] /r
[01/05/2009 11:18:24] /r
[01/05/2009 11:18:24] /r
[01/05/2009 11:18:24] /r
[01/05/2009 11:18:24] /r
[01/05/2009 11:18:24] /r
[01/05/2009 11:18:24] /r
[01/05/2009 11:18:24] /r
[01/05/2009 11:18:24] /r
[01/05/2009 11:18:24] /r
[01/05/2009 11:18:25] /r
[01/05/2009 11:18:25] /r
[01/05/2009 11:18:25] /r
[01/05/2009 11:18:25] /r
[01/05/2009 11:18:25] /r
[01/05/2009 11:18:25] /r
[01/05/2009 11:18:25] /r
[01/05/2009 11:18:25] /r
[01/05/2009 11:18:25] /r
[01/05/2009 11:18:29] /down
[01/05/2009 11:18:42] /town thorn
[01/05/2009 11:18:44] /a 10
[01/05/2009 11:18:44] /a 10
[01/05/2009 11:18:45] /a 10
[01/05/2009 11:18:45] /a 10
[01/05/2009 11:18:46] /a 10
[01/05/2009 11:18:52] /a 10
[01/05/2009 11:18:53] /a 10
[01/05/2009 11:18:54] /a 10
[01/05/2009 11:18:55] /a 10
[01/05/2009 11:18:57] /a 10
[01/05/2009 11:18:59] /a 2
[01/05/2009 11:19:13] /a 2
[01/05/2009 11:19:13] /a 2
[01/05/2009 11:19:16] /a 20
[01/05/2009 11:19:18] /a 20
[01/05/2009 11:19:20] /a 10
[01/05/2009 11:19:21] /a 10
[01/05/2009 11:19:22] /a 10
[01/05/2009 11:19:23] /a 10
[01/05/2009 11:19:23] /a 10
[01/05/2009 11:19:24] /a 10
