[29/04/2009 22:57:40] /goto Bara
[29/04/2009 22:57:52] /goto Bara
[29/04/2009 22:57:52] /goto Bara
[29/04/2009 22:57:52] /goto Bara
[29/04/2009 22:57:52] /goto Bara
[29/04/2009 22:57:52] /goto Bara
[29/04/2009 22:57:52] /goto Bara
[29/04/2009 22:57:52] /goto Bara
[29/04/2009 22:57:52] /goto Bara
[29/04/2009 22:57:52] /goto Bara
[29/04/2009 22:57:52] /goto Bara
[29/04/2009 22:57:52] /goto Bara
[29/04/2009 22:57:52] /goto Bara
[29/04/2009 22:57:52] /goto Bara
[29/04/2009 22:57:53] /goto Bara
[29/04/2009 22:57:53] /goto Bara
[29/04/2009 22:57:53] /goto Bara
[29/04/2009 22:57:53] /goto Bara
[29/04/2009 22:57:53] /goto Bara
[29/04/2009 22:57:53] /goto Bara
[29/04/2009 22:57:56] /goto Bara
[29/04/2009 22:57:57] /goto Bara
[29/04/2009 22:57:58] /goto Bara
[29/04/2009 22:58:00] /goto Bara
[29/04/2009 22:58:07] /goto Bara
[29/04/2009 22:58:10] /goto Bara
[29/04/2009 22:58:13] /goto Bara
[29/04/2009 22:58:14] /goto Bara
[29/04/2009 22:58:15] /goto Bara
[29/04/2009 22:58:17] /goto Bara
[29/04/2009 22:58:18] /goto Bara
[29/04/2009 22:58:19] /goto Bara
[29/04/2009 22:58:20] /goto Bara
[29/04/2009 22:58:21] /goto Bara
[29/04/2009 22:58:22] /goto Bara
[29/04/2009 22:58:23] /goto Bara
[29/04/2009 22:58:52] /goto Bara
[29/04/2009 22:58:59] /goto Bara
[29/04/2009 22:59:00] /goto Bara
[29/04/2009 22:59:03] /goto Bara
[29/04/2009 22:59:09] /goto Bara
[29/04/2009 22:59:13] /goto Bara
[29/04/2009 22:59:15] /goto Bara
[29/04/2009 22:59:17] /goto Bara
[29/04/2009 22:59:19] /goto Bara
[29/04/2009 22:59:21] /goto Bara
[29/04/2009 22:59:58] /goto Bara
[29/04/2009 23:00:01] /goto Bara
[29/04/2009 23:00:03] /goto Bara
[29/04/2009 23:00:08] /goto Bara
[29/04/2009 23:00:11] /goto Bara
[29/04/2009 23:00:12] /goto Bara
[29/04/2009 23:00:18] /goto Bara
[29/04/2009 23:00:19] /goto Bara
[29/04/2009 23:00:21] /goto Bara
[29/04/2009 23:00:22] /goto Bara
[29/04/2009 23:00:23] /goto Bara
[29/04/2009 23:00:24] /goto Bara
[29/04/2009 23:00:25] /goto Bara
[29/04/2009 23:00:27] /goto Bara
[29/04/2009 23:00:28] /goto Bara
[29/04/2009 23:00:29] /goto Bara
[29/04/2009 23:00:30] /goto Bara
[29/04/2009 23:00:30] /goto Bara
[29/04/2009 23:00:30] /goto Bara
[29/04/2009 23:00:30] /goto Bara
[29/04/2009 23:00:30] /goto Bara
[29/04/2009 23:00:30] /goto Bara
[29/04/2009 23:00:31] /goto Bara
[29/04/2009 23:00:31] /goto Bara
[29/04/2009 23:00:31] /goto Bara
[29/04/2009 23:00:31] /goto Bara
[29/04/2009 23:00:31] /goto Bara
[29/04/2009 23:00:31] /goto Bara
[29/04/2009 23:00:31] /goto Bara
[29/04/2009 23:00:31] /goto Bara
[29/04/2009 23:00:31] /goto Bara
[29/04/2009 23:00:31] /goto Bara
[29/04/2009 23:00:31] /goto Bara
[29/04/2009 23:00:33] /goto Bara
[29/04/2009 23:00:37] /goto Bara
[29/04/2009 23:00:38] /goto Bara
[29/04/2009 23:00:41] /goto Bara
[29/04/2009 23:00:42] /goto Bara
[29/04/2009 23:00:44] /goto Bara
[29/04/2009 23:00:45] /goto Bara
[29/04/2009 23:00:46] /goto Bara
[29/04/2009 23:00:47] /goto Bara
[29/04/2009 23:02:08] /down
[29/04/2009 23:02:23] /t 2
[29/04/2009 23:04:47] /goto Bara
[29/04/2009 23:04:54] /goto Bara
[29/04/2009 23:06:15] /c Lady Shiva
[29/04/2009 23:06:21] /c Ketos Royal
[29/04/2009 23:06:23] /goto Bara
[29/04/2009 23:06:27] /c Ketos Royal
[29/04/2009 23:06:30] /c Lady Shiva
[29/04/2009 23:06:50] /goto Bara
[29/04/2009 23:06:54] /goto Bara
[29/04/2009 23:06:56] /goto Bara
[29/04/2009 23:08:15] /c Ketos Royal
[29/04/2009 23:08:32] /c Ketos Royal
[29/04/2009 23:09:55] /goto Bara
[29/04/2009 23:13:43] /i 3423
[29/04/2009 23:13:50] /goto Bara
[29/04/2009 23:14:06] /goto Bara
[29/04/2009 23:15:43] /addskill Gepretto,Level
[29/04/2009 23:15:52] /addskill Gepretto
[29/04/2009 23:15:58] /addskill Gepretto,Magic
[29/04/2009 23:16:50] /goto Bara
[29/04/2009 23:19:34] /goto Fawkes
[29/04/2009 23:22:14] /goto Bara
[29/04/2009 23:24:21] /goto Bara
[29/04/2009 23:24:26] /goto Fawke
[29/04/2009 23:24:28] /goto Fawkes
[29/04/2009 23:24:49] /c Bowaroz
[29/04/2009 23:26:02] /goto Bara
[29/04/2009 23:26:42] /goto Bara
[29/04/2009 23:26:47] /goto Bara
[29/04/2009 23:26:58] /goto Bara
[29/04/2009 23:27:01] /goto Bara
[29/04/2009 23:27:04] /goto Bara
[29/04/2009 23:27:05] /goto Bara
[29/04/2009 23:27:08] /goto Bara
[29/04/2009 23:27:52] /goto Bara
[29/04/2009 23:28:15] /goto Bara
[29/04/2009 23:28:25] /goto Bara
[29/04/2009 23:28:26] /goto Bara
[29/04/2009 23:28:55] /goto Fawkes
[29/04/2009 23:29:02] /goto Bowaroz
