[29/04/2009 22:56:29] /a 3
[29/04/2009 22:56:32] /a 3
[29/04/2009 22:57:30] /goto bara
[29/04/2009 22:57:33] /goto bara
[29/04/2009 22:57:34] /goto bara
[29/04/2009 22:57:35] /goto bara
[29/04/2009 22:57:40] /goto bara
[29/04/2009 22:57:41] /goto bara
[29/04/2009 22:57:43] /goto bara
[29/04/2009 22:57:44] /goto bara
[29/04/2009 22:57:44] /goto bara
[29/04/2009 22:57:46] /goto bara
[29/04/2009 22:57:47] /goto bara
[29/04/2009 22:57:51] /goto bara
[29/04/2009 22:57:54] /goto bara
[29/04/2009 22:57:55] /goto bara
[29/04/2009 22:57:55] /goto bara
[29/04/2009 22:57:57] /goto bara
[29/04/2009 22:57:58] /goto bara
[29/04/2009 22:57:59] /goto bara
[29/04/2009 22:58:00] /goto bara
[29/04/2009 22:58:10] /goto bara
[29/04/2009 22:58:13] /goto bara
[29/04/2009 22:58:14] /goto bara
[29/04/2009 22:58:15] /goto bara
[29/04/2009 22:58:17] /goto bara
[29/04/2009 22:58:18] /goto bara
[29/04/2009 22:58:19] /goto bara
[29/04/2009 22:58:20] /goto bara
[29/04/2009 22:58:21] /goto bara
[29/04/2009 22:58:22] /goto bara
[29/04/2009 22:58:23] /goto bara
[29/04/2009 22:58:31] /goto bara
[29/04/2009 22:58:51] /goto bara
[29/04/2009 22:58:53] /goto bara
[29/04/2009 22:58:55] /goto bara
[29/04/2009 22:58:57] /goto bara
[29/04/2009 22:59:00] /goto bara
[29/04/2009 22:59:01] /goto bara
[29/04/2009 22:59:03] /goto bara
[29/04/2009 22:59:04] /goto bara
[29/04/2009 22:59:05] /goto bara
[29/04/2009 22:59:16] /goto bara
[29/04/2009 23:00:01] /goto bara
[29/04/2009 23:00:02] /goto bara
[29/04/2009 23:00:03] /goto bara
[29/04/2009 23:00:12] /goto bara
[29/04/2009 23:00:13] /goto bara
[29/04/2009 23:00:17] /goto bara
[29/04/2009 23:00:22] /goto bara
[29/04/2009 23:00:24] /goto bara
[29/04/2009 23:00:25] /goto bara
[29/04/2009 23:00:26] /goto bara
[29/04/2009 23:00:27] /goto bara
[29/04/2009 23:00:28] /goto bara
[29/04/2009 23:00:29] /goto bara
[29/04/2009 23:00:30] /goto bara
[29/04/2009 23:00:31] /goto bara
[29/04/2009 23:00:32] /goto bara
[29/04/2009 23:00:33] /goto bara
[29/04/2009 23:00:34] /goto bara
[29/04/2009 23:00:35] /goto bara
[29/04/2009 23:00:49] /goto bara
[29/04/2009 23:00:51] /goto bara
[29/04/2009 23:01:10] /goto bara
[29/04/2009 23:01:32] /goto bara
[29/04/2009 23:01:34] /goto bara
[29/04/2009 23:01:44] /goto bara
[29/04/2009 23:03:16] /goto bara
[29/04/2009 23:03:20] /goto bara
[29/04/2009 23:03:22] /goto bara
[29/04/2009 23:03:24] /goto bara
[29/04/2009 23:03:25] /goto bara
[29/04/2009 23:03:26] /goto bara
[29/04/2009 23:03:27] /goto bara
[29/04/2009 23:03:30] /goto bara
[29/04/2009 23:03:31] /goto bara
[29/04/2009 23:03:32] /goto bara
[29/04/2009 23:03:33] /goto bara
[29/04/2009 23:03:36] /goto bara
[29/04/2009 23:03:37] /goto bara
[29/04/2009 23:03:52] /a 4
[29/04/2009 23:03:57] /a 3
[29/04/2009 23:05:41] /goto
[29/04/2009 23:06:29] /goto bara
[29/04/2009 23:08:13] /goto fawkes
[29/04/2009 23:09:11] /goto bara
[29/04/2009 23:09:50] /goto bara
[29/04/2009 23:13:46] /t demon
[29/04/2009 23:16:35] /goto bara
[29/04/2009 23:16:38] /goto bara
[29/04/2009 23:16:42] /goto bara
[29/04/2009 23:16:45] /goto bara
[29/04/2009 23:16:50] /goto bara
[29/04/2009 23:18:43] /goto bara
[29/04/2009 23:21:07] /goto bara
[29/04/2009 23:21:10] /goto bara
[29/04/2009 23:21:12] /goto bara
[29/04/2009 23:24:20] /goto bara
[29/04/2009 23:24:22] /goto bara
[29/04/2009 23:24:24] /goto bara
[29/04/2009 23:24:43] /goto Fawkes
[29/04/2009 23:24:58] /goto bara
[29/04/2009 23:25:28] /m demon
[29/04/2009 23:26:26] /c bara
[29/04/2009 23:26:27] /c bara
[29/04/2009 23:29:19] /goto bara
