[29/04/2009 23:00:08] /goto bara
[29/04/2009 23:00:37] /goto bara
[29/04/2009 23:00:47] /goto bara
[29/04/2009 23:02:32] /goto bara
[29/04/2009 23:03:29] /goto bara
[29/04/2009 23:03:36] /goto bara
[29/04/2009 23:03:50] /goto bara
[29/04/2009 23:04:12] /goto bara
[29/04/2009 23:04:18] /goto bara
[29/04/2009 23:04:33] /goto bara
[29/04/2009 23:04:35] /goto bara
[29/04/2009 23:04:37] /goto bara
[29/04/2009 23:04:38] /goto bara
[29/04/2009 23:04:39] /goto bara
[29/04/2009 23:04:41] /goto bara
[29/04/2009 23:04:42] /goto bara
[29/04/2009 23:04:43] /goto bara
[29/04/2009 23:04:47] /goto bara
[29/04/2009 23:04:52] /goto bara
[29/04/2009 23:04:53] /goto bara
[29/04/2009 23:06:52] /goto bara
[29/04/2009 23:09:30] /goto bara
[29/04/2009 23:09:39] /goto bara
[29/04/2009 23:09:40] /goto bara
[29/04/2009 23:09:42] /goto bara
[29/04/2009 23:09:44] /goto bara
[29/04/2009 23:09:51] /goto lady shiva
[29/04/2009 23:09:54] /goto bara
[29/04/2009 23:13:36] /goto bara
[29/04/2009 23:13:54] /goto lady shiva
[29/04/2009 23:14:45] /goto lady shiva
[29/04/2009 23:14:55] /goto bara
[29/04/2009 23:18:39] /newtype 126
[29/04/2009 23:18:45] /newtype 100
[29/04/2009 23:18:49] /newtype 90
[29/04/2009 23:19:07] /newtype 8
[29/04/2009 23:19:22] /newtype 0
[29/04/2009 23:19:26] /newtype 1
[29/04/2009 23:19:29] /newtype 2
[29/04/2009 23:19:34] /newtype 200
[29/04/2009 23:19:41] /newtype lady shiva
[29/04/2009 23:19:51] /goto lady shiva
[29/04/2009 23:20:17] /newtype 150
[29/04/2009 23:20:38] /newtype 130
[29/04/2009 23:21:01] /newtype 125
[29/04/2009 23:21:07] /newtype 
[29/04/2009 23:21:12] /newtype 400
[29/04/2009 23:21:16] /newtype 300
[29/04/2009 23:21:57] /goto lady shiva
[29/04/2009 23:23:35] /goto lady shiva
[29/04/2009 23:24:08] /goto lady shiva
[29/04/2009 23:27:42] /goto lady shiva
[29/04/2009 23:29:04] /goto hyll slim
