[29/04/2009 23:08:00] /r
[29/04/2009 23:08:38] /goto bara
[29/04/2009 23:08:58] /goto Fawkes
[29/04/2009 23:09:33] /a 2
[29/04/2009 23:09:33] /a 2
[29/04/2009 23:09:34] /goto Fawkes
[29/04/2009 23:09:36] /goto Fawkes
[29/04/2009 23:09:37] /goto Fawkes
[29/04/2009 23:09:49] /goto Fawkes
[29/04/2009 23:09:59] /goto Fawkes
[29/04/2009 23:10:01] /goto Fawkes
[29/04/2009 23:10:02] /goto Fawkes
[29/04/2009 23:10:04] /goto Fawkes
[29/04/2009 23:10:05] /goto Fawkes
[29/04/2009 23:10:08] /goto Fawkes
[29/04/2009 23:10:29] /goto Fawkes
[29/04/2009 23:10:30] /goto Fawkes
[29/04/2009 23:10:53] /n golden legs 1
[29/04/2009 23:11:11] /goto Fawkes
[29/04/2009 23:11:13] /goto Fawkes
[29/04/2009 23:11:16] /a 2
[29/04/2009 23:11:17] /a 2
[29/04/2009 23:11:50] /a 2
[29/04/2009 23:11:51] /a 2
[29/04/2009 23:11:52] /a 2
[29/04/2009 23:11:56] /a 2
[29/04/2009 23:11:57] /goto Fawkes
[29/04/2009 23:14:28] /a 2
[29/04/2009 23:14:30] /a 2
[29/04/2009 23:14:31] /a 2
[29/04/2009 23:14:32] /a 2
[29/04/2009 23:14:32] /a 2
[29/04/2009 23:14:32] /a 2
[29/04/2009 23:14:32] /a 2
[29/04/2009 23:14:32] /a 2
[29/04/2009 23:14:32] /a 2
[29/04/2009 23:14:32] /a 2
[29/04/2009 23:14:32] /a 2
[29/04/2009 23:14:32] /a 2
[29/04/2009 23:14:32] /a 2
[29/04/2009 23:14:32] /a 2
[29/04/2009 23:14:32] /a 2
[29/04/2009 23:14:32] /a 2
[29/04/2009 23:14:32] /a 2
[29/04/2009 23:14:33] /a 2
[29/04/2009 23:14:34] /a 2
[29/04/2009 23:14:35] /a 2
[29/04/2009 23:14:45] /a 2
[29/04/2009 23:14:47] /a 2
[29/04/2009 23:14:48] /a 2
[29/04/2009 23:14:49] /a 2
[29/04/2009 23:14:50] /a 2
[29/04/2009 23:14:51] /a 2
[29/04/2009 23:14:52] /a 2
[29/04/2009 23:14:53] /a 2
[29/04/2009 23:14:53] /a 2
[29/04/2009 23:14:53] /a 2
[29/04/2009 23:14:53] /a 2
[29/04/2009 23:14:53] /a 2
[29/04/2009 23:14:53] /a 2
[29/04/2009 23:14:53] /a 2
[29/04/2009 23:14:53] /a 2
[29/04/2009 23:14:53] /a 2
[29/04/2009 23:14:53] /a 2
[29/04/2009 23:14:53] /a 2
[29/04/2009 23:14:53] /a 2
[29/04/2009 23:14:54] /a 2
[29/04/2009 23:14:55] /a 2
[29/04/2009 23:15:44] /goto Fawkes
[29/04/2009 23:16:21] /a 2
[29/04/2009 23:16:23] /a 2
[29/04/2009 23:16:34] /goto Fawkes
[29/04/2009 23:16:37] /goto Fawkes
[29/04/2009 23:16:43] /goto Fawkes
[29/04/2009 23:16:45] /goto Fawkes
[29/04/2009 23:16:48] /goto Fawkes
[29/04/2009 23:16:52] /r
[29/04/2009 23:17:03] /a 1
[29/04/2009 23:17:15] /r
[29/04/2009 23:17:21] /r
[29/04/2009 23:17:57] /newtype 125
[29/04/2009 23:18:04] /newtype 126
[29/04/2009 23:18:11] /newtype 127
[29/04/2009 23:18:35] /newtype 126
[29/04/2009 23:19:29] /goto Fawkes
[29/04/2009 23:19:30] /goto Fawkes
[29/04/2009 23:19:31] /goto Fawkes
[29/04/2009 23:19:32] /goto Fawkes
[29/04/2009 23:20:49] /goto Fawkes
[29/04/2009 23:20:49] /goto Fawkes
[29/04/2009 23:20:49] /goto Fawkes
[29/04/2009 23:20:49] /goto Fawkes
[29/04/2009 23:20:49] /goto Fawkes
[29/04/2009 23:20:49] /goto Fawkes
[29/04/2009 23:20:50] /goto Fawkes
[29/04/2009 23:20:50] /goto Fawkes
[29/04/2009 23:20:50] /goto Fawkes
[29/04/2009 23:20:50] /goto Fawkes
[29/04/2009 23:20:50] /goto Fawkes
[29/04/2009 23:20:50] /goto Fawkes
[29/04/2009 23:20:50] /goto Fawkes
[29/04/2009 23:20:50] /goto Fawkes
[29/04/2009 23:20:50] /goto Fawkes
[29/04/2009 23:20:50] /goto Fawkes
[29/04/2009 23:20:50] /goto Fawkes
[29/04/2009 23:20:50] /goto Fawkes
[29/04/2009 23:20:50] /goto Fawkes
[29/04/2009 23:20:50] /goto Fawkes
[29/04/2009 23:20:50] /goto Fawkes
[29/04/2009 23:20:50] /goto Fawkes
[29/04/2009 23:20:50] /goto Fawkes
[29/04/2009 23:20:51] /goto Fawkes
[29/04/2009 23:20:51] /goto Fawkes
[29/04/2009 23:20:51] /goto Fawkes
[29/04/2009 23:20:51] /goto Fawkes
[29/04/2009 23:21:33] /goto Fawkes
[29/04/2009 23:21:34] /goto Fawkes
[29/04/2009 23:21:35] /goto Fawkes
[29/04/2009 23:21:37] /goto Fawkes
[29/04/2009 23:21:38] /goto Fawkes
[29/04/2009 23:21:39] /goto Fawkes
[29/04/2009 23:21:41] /goto Fawkes
[29/04/2009 23:21:44] /goto Fawkes
[29/04/2009 23:21:45] /goto Fawkes
[29/04/2009 23:21:47] /goto Fawkes
[29/04/2009 23:22:08] /goto Fawkes
[29/04/2009 23:22:25] /m demon
[29/04/2009 23:23:10] /goto Fawkes
[29/04/2009 23:23:11] /goto Fawkes
[29/04/2009 23:23:12] /goto Fawkes
[29/04/2009 23:23:13] /goto Fawkes
[29/04/2009 23:23:13] /goto Fawkes
[29/04/2009 23:23:13] /goto Fawkes
[29/04/2009 23:23:13] /goto Fawkes
[29/04/2009 23:23:13] /goto Fawkes
[29/04/2009 23:23:13] /goto Fawkes
[29/04/2009 23:23:13] /goto Fawkes
[29/04/2009 23:23:13] /goto Fawkes
[29/04/2009 23:23:13] /goto Fawkes
[29/04/2009 23:23:13] /goto Fawkes
[29/04/2009 23:23:13] /goto Fawkes
[29/04/2009 23:23:13] /goto Fawkes
[29/04/2009 23:23:14] /goto Fawkes
[29/04/2009 23:23:14] /goto Fawkes
[29/04/2009 23:23:14] /goto Fawkes
[29/04/2009 23:23:14] /goto Fawkes
[29/04/2009 23:23:14] /goto Fawkes
[29/04/2009 23:23:14] /goto Fawkes
[29/04/2009 23:23:14] /goto Fawkes
[29/04/2009 23:23:14] /goto Fawkes
[29/04/2009 23:23:14] /goto Fawkes
[29/04/2009 23:23:14] /goto Fawkes
[29/04/2009 23:23:14] /goto Fawkes
[29/04/2009 23:23:14] /goto Fawkes
[29/04/2009 23:23:14] /goto Fawkes
[29/04/2009 23:23:14] /goto Fawkes
[29/04/2009 23:23:14] /goto Fawkes
[29/04/2009 23:23:14] /goto Fawkes
[29/04/2009 23:23:14] /goto Fawkes
[29/04/2009 23:23:15] /goto Fawkes
[29/04/2009 23:23:15] /goto Fawkes
[29/04/2009 23:23:17] /goto Fawkes
[29/04/2009 23:23:20] /goto Fawkes
[29/04/2009 23:23:22] /goto Fawkes
[29/04/2009 23:23:23] /goto Fawkes
[29/04/2009 23:23:24] /goto Fawkes
[29/04/2009 23:23:26] /goto Fawkes
[29/04/2009 23:23:27] /goto Fawkes
[29/04/2009 23:23:28] /goto Fawkes
[29/04/2009 23:23:31] /goto Fawkes
[29/04/2009 23:23:35] /goto Fawkes
[29/04/2009 23:23:39] /goto Fawkes
[29/04/2009 23:23:41] /goto Fawkes
[29/04/2009 23:23:43] /goto Fawkes
[29/04/2009 23:23:45] /goto Fawkes
[29/04/2009 23:23:46] /goto Fawkes
[29/04/2009 23:23:47] /goto Fawkes
[29/04/2009 23:23:49] /goto Fawkes
[29/04/2009 23:23:50] /goto Fawkes
[29/04/2009 23:23:51] /goto Fawkes
[29/04/2009 23:23:53] /goto Fawkes
[29/04/2009 23:23:54] /goto Fawkes
[29/04/2009 23:23:56] /a 2
[29/04/2009 23:23:57] /a 2
[29/04/2009 23:23:57] /a 2
[29/04/2009 23:23:58] /a 2
[29/04/2009 23:23:59] /a 2
[29/04/2009 23:23:59] /goto Fawkes
[29/04/2009 23:24:00] /goto Fawkes
[29/04/2009 23:24:23] /goto Fawkes
[29/04/2009 23:24:34] /goto Fawkes
[29/04/2009 23:24:36] /goto Fawkes
[29/04/2009 23:24:37] /goto Fawkes
[29/04/2009 23:24:41] /goto Fawkes
[29/04/2009 23:24:44] /goto Fawkes
[29/04/2009 23:25:06] /c Bowaroz
[29/04/2009 23:25:33] /c Bowaroz
[29/04/2009 23:25:37] /c Bowaroz
[29/04/2009 23:25:42] /ghost
[29/04/2009 23:25:45] /goto Fawkes
[29/04/2009 23:25:49] /t
[29/04/2009 23:26:27] /goto Fawkes
[29/04/2009 23:26:35] /a 2
[29/04/2009 23:26:35] /a 2
[29/04/2009 23:26:36] /a 2
[29/04/2009 23:26:36] /a 2
[29/04/2009 23:26:37] /a 2
[29/04/2009 23:26:38] /a 2
[29/04/2009 23:26:40] /a 2
[29/04/2009 23:27:44] /goto ketos royal
[29/04/2009 23:27:47] /goto ketos royal
[29/04/2009 23:27:49] /goto ketos royal
[29/04/2009 23:27:50] /goto ketos royal
[29/04/2009 23:27:52] /goto ketos royal
[29/04/2009 23:27:54] /goto ketos royal
[29/04/2009 23:27:57] /goto ketos royal
[29/04/2009 23:27:59] /goto ketos royal
[29/04/2009 23:28:02] /goto ketos royal
[29/04/2009 23:28:03] /goto ketos royal
[29/04/2009 23:28:05] /goto ketos royal
[29/04/2009 23:28:06] /goto ketos royal
[29/04/2009 23:28:07] /goto ketos royal
[29/04/2009 23:28:09] /goto ketos royal
[29/04/2009 23:28:10] /goto ketos royal
[29/04/2009 23:28:12] /goto ketos royal
[29/04/2009 23:28:13] /goto ketos royal
[29/04/2009 23:28:14] /goto ketos royal
[29/04/2009 23:28:15] /goto ketos royal
[29/04/2009 23:28:16] /goto ketos royal
[29/04/2009 23:28:18] /goto ketos royal
[29/04/2009 23:28:49] /goto ketos royal
[29/04/2009 23:28:57] /goto ketos royal
[29/04/2009 23:28:58] /goto ketos royal
[29/04/2009 23:29:00] /goto ketos royal
[29/04/2009 23:29:23] /goto ketos royal
[29/04/2009 23:29:27] /goto ketos royal
[29/04/2009 23:29:28] /goto ketos royal
[29/04/2009 23:29:30] /goto ketos royal
[29/04/2009 23:29:36] /goto ketos royal
